make all --print-data-base --no-builtin-variables --no-builtin-rules --question
# GNU Make 4.3
# Built for x86_64-pc-linux-gnu
# Copyright (C) 1988-2020 Free Software Foundation, Inc.
# License GPLv3+: GNU GPL version 3 or later <http://gnu.org/licenses/gpl.html>
# This is free software: you are free to change and redistribute it.
# There is NO WARRANTY, to the extent permitted by law.

# Make data base, printed on Thu Sep 25 10:54:59 2025

# Variables

# makefile (from 'rules.mk', line 35)
AS = $(TCPATH)$(TCPREFIX)as
# environment
LC_ALL = C
# makefile (from 'rules.mk', line 39)
AR = $(TCPATH)$(TCPREFIX)ar
# makefile (from 'Makefile', line 132)
OUTDIR_HP = $(BUILD)/$(ARCH)-hp-rel
# makefile (from 'Makefile', line 143)
LINT_OUTDIR = $(OUTDIR)/lint
# makefile (from 'Makefile', line 64)
FLINT = $(LINT_BINPATH)flint
# makefile (from 'Makefile', line 38)
MD = mkdir -p
# environment
VSCODE_CWD = /home/bacancy
# makefile (from 'Makefile', line 123)
TRDP_OBJS = trdp_pdcom.o trdp_utils.o tlp_if.o tlc_if.o trdp_stats.o $(VOS_OBJS) trdp_mdcom.o tlm_if.o
# makefile (from 'Makefile', line 67)
VOS_OBJS = vos_utils.o vos_mem.o vos_sock.o vos_thread.o vos_shared_mem.o 
# makefile (from 'Makefile', line 135)
BAC_OUTDIR = $(BAC_PRO_BLD)/$(ARCH)-bac-rel
# makefile (from 'config/config.mk', line 14)
TCPOSTFIX = 
# makefile (from 'Makefile', line 204)
SRC_VER_REL := 2
# default
MAKE_COMMAND := make
# environment
VSCODE_HANDLES_SIGPIPE = true
# automatic
@D = $(patsubst %/,%,$(dir $@))
# environment
VSCODE_HANDLES_UNCAUGHT_ERRORS = true
# default
.VARIABLES := 
# environment
PWD = /home/bacancy/TrdpPro/gitrepo/trdp_uart_gateway/TCNopen/trdp
# automatic
%D = $(patsubst %/,%,$(dir $%))
# makefile (from 'Makefile', line 131)
OUTDIR = $(BUILD)/$(ARCH)-rel
# environment
XDG_DATA_DIRS = /usr/share/gnome:/usr/local/share:/usr/share:/var/lib/snapd/desktop
# automatic
^D = $(patsubst %/,%,$(dir $^))
# automatic
%F = $(notdir $%)
# environment
LANG = C
# makefile (from 'config/config.mk', line 53)
LINT_SYSINCLUDE_DIRECTIVES = -i ./src/vos/posix -wlib 0 -DL_ENDIAN
# default
.LOADED := 
# default
.INCLUDE_DIRS = /usr/local/include /usr/include /usr/include
# makefile
MAKEFLAGS = pqrRs
# makefile
CURDIR := /home/bacancy/TrdpPro/gitrepo/trdp_uart_gateway/TCNopen/trdp
# makefile (from 'rules.mk', line 57)
OPTFLAGS = -O2
# environment
APPLICATION_INSIGHTS_NO_DIAGNOSTIC_CHANNEL = true
# environment
LESSOPEN = | /usr/bin/lesspipe %s
# environment
VSCODE_L10N_BUNDLE_LOCATION = 
# automatic
*D = $(patsubst %/,%,$(dir $*))
# makefile (from 'config/config.mk', line 12)
TARGET_OS = LINUX
# environment
MFLAGS = -pqrRs
# default
.SHELLFLAGS := -c
# makefile (from 'config/config.mk', line 21)
ADD_SRC = uart_eth_trdp_gw/core/src uart_eth_trdp_gw/ethernet_trdp uart_eth_trdp_gw/uart_trdp uart_eth_trdp_gw/uart_eth_gw
# automatic
+D = $(patsubst %/,%,$(dir $+))
# makefile (from 'rules.mk', line 1)
MAKEFILE_LIST := Makefile config/config.mk rules.mk
# automatic
@F = $(notdir $@)
# environment
SSL_CERT_FILE = /usr/lib/ssl/certs/ca-certificates.crt
# environment
XDG_SESSION_TYPE = tty
# automatic
?D = $(patsubst %/,%,$(dir $?))
# makefile (from 'rules.mk', line 44)
RANLIB = $(TCPATH)$(TCPREFIX)RANLIB
# makefile (from 'Makefile', line 55)
INCLUDES = $(INCPATH) $(VOS_INCPATH) $(VOS_PATH) $(BAC_PRO_INCPATH)
# automatic
*F = $(notdir $*)
# makefile (from 'Makefile', line 205)
SRC_VER = $(SRC_VER_MAJ).$(SRC_VER_REL)
# environment
DBUS_SESSION_BUS_ADDRESS = unix:path=/run/user/1000/bus
# environment
SSL_CERT_DIR = /usr/local/ssl/certs
# automatic
<D = $(patsubst %/,%,$(dir $<))
# environment
VSCODE_CLI_REQUIRE_TOKEN = 2e217eb5-c48d-4519-ac15-82f3d4131b99
# environment
VSCODE_NLS_CONFIG = {"userLocale":"en","osLocale":"en","resolvedLanguage":"en","defaultMessagesFile":"/home/bacancy/.vscode-server/cli/servers/Stable-0f0d87fa9e96c856c5212fc86db137ac0d783365/server/out/nls.messages.json","locale":"en","availableLanguages":{}}
# makefile (from 'Makefile', line 87)
TRDP_OPT_OBJS = trdp_xml.o tau_xml.o tau_marshall.o tau_dnr.o tau_tti.o tau_cstinfo.o tau_ctrl.o tau_xsession.o tau_xmarshall.o
# default
MAKE_HOST := x86_64-pc-linux-gnu
# makefile
SHELL = /bin/sh
# default
MAKECMDGOALS := all
# makefile (from 'config/config.mk', line 28)
ADD_INC = uart_eth_trdp_gw/core/inc uart_eth_trdp_gw/ethernet_trdp uart_eth_trdp_gw/uart_trdp uart_eth_trdp_gw/uart_eth_gw
# environment
SHLVL = 0
# makefile (from 'Makefile', line 99)
LINT_OBJECTS = trdp_stats.lob vos_utils.lob vos_sock.lob vos_mem.lob vos_thread.lob vos_shared_mem.lob trdp_pdcom.lob trdp_mdcom.lob trdp_utils.lob tlc_if.lob tlp_if.lob tlm_if.lob trdp_stats.lob
# environment
MAKELEVEL := 0
# makefile (from 'rules.mk', line 43)
OBJDUMP = $(TCPATH)$(TCPREFIX)objdump
# default
MAKE = $(MAKE_COMMAND)
# environment
PATH = /home/bacancy/.vscode-server/cli/servers/Stable-0f0d87fa9e96c856c5212fc86db137ac0d783365/server/bin/remote-cli:/usr/local/sbin:/usr/local/bin:/usr/sbin:/usr/bin:/sbin:/bin:/usr/games:/usr/local/games:/snap/bin
# default
MAKEFILES := 
# environment
LANGUAGE = en_IN:en
# makefile (from 'Makefile', line 81)
UART_TRDP_OBJ = ethernet_trdp.o uart_trdp.o uart_eth_gw.o $(TRDP_OBJS)
# environment
MOTD_SHOWN = pam
# automatic
^F = $(notdir $^)
# makefile (from 'rules.mk', line 59)
WARNFLAGS = -Wall
# environment
SSH_CLIENT = 10.0.0.110 49856 22
# makefile (from 'rules.mk', line 38)
CPP = $(TCPATH)$(CC) -E
# environment
LESSCLOSE = /usr/bin/lesspipe %s %s
# automatic
?F = $(notdir $?)
# environment
LS_COLORS = 
# automatic
+F = $(notdir $+)
# makefile (from 'Makefile', line 50)
VOS_INCPATH = -I src/vos/api -I src/common
# 'override' directive
GNUMAKEFLAGS := 
# environment
 
BROWSER = /home/bacancy/.vscode-server/cli/servers/Stable-0f0d87fa9e96c856c5212fc86db137ac0d783365/server/bin/helpers/browser.sh
# makefile (from 'config/config.mk', line 39)
BACANCY_PROJECT = TRUE
# makefile (from 'config/config.mk', line 38)
EXAMPLES_BUILD = TRUE
# environment
LOGNAME = bacancy
# makefile
.DEFAULT_GOAL := all
# makefile (from 'config/config.mk', line 10)
ARCH = ccmp13-dvk
# makefile (from 'rules.mk', line 17)
ECHO = echo
# environment
USER = bacancy
# default
MAKE_VERSION := 4.3
# makefile (from 'Makefile', line 203)
SRC_VER_MAJ := 2
# makefile (from 'Makefile', line 49)
VOS_PATH = -I src/vos/$(TARGET_VOS)
# 'override' directive
.SHELLSTATUS := 0
# makefile (from 'Makefile', line 303)
SO_VER_MAJ = $(SRC_VER_MAJ)
# makefile (from 'Makefile', line 700)
LINTFLAGS = +v -i$(LINT_RULE_DIR) $(LINT_RULE_DIR)co-gcc.lnt -i ./src/api -i ./src/vos/api -i ./src/common -D$(TARGET_OS) $(LINT_SYSINCLUDE_DIRECTIVES) -DMD_SUPPORT=1 -w3 -e655 -summary -u -DPOSIX
# makefile (from 'Makefile', line 48)
INCPATH = -I src/api
# makefile (from 'Makefile', line 43)
BUILD = bld/output
# makefile (from 'config/config.mk', line 33)
BAC_PRO_INCPATH = -I uart_eth_trdp_gw/core/inc -I uart_eth_trdp_gw/ethernet_trdp -I uart_eth_trdp_gw/uart_trdp -I uart_eth_trdp_gw/uart_eth_gw
# makefile (from 'Makefile', line 115)
LDFLAGS = -lrt -L$(OUTDIR) -L$(BAC_OUTDIR)
# makefile (from 'Makefile', line 166)
TARGETS = libtrdp example test pdtest mdtest xml marshall uart_eth_trdp_gw libtrdpap
# environment
VSCODE_AGENT_FOLDER = /home/bacancy/.vscode-server
# environment
_ = /home/bacancy/.vscode-server/cli/servers/Stable-0f0d87fa9e96c856c5212fc86db137ac0d783365/server/node
# environment
XDG_RUNTIME_DIR = /run/user/1000
# makefile (from 'Makefile', line 152)
CFLAGS = --sysroot=/home/bacancy/yocto-work/toolchain/sysroots/cortexa7t2hf-neon-vfpv4-dey-linux-gnueabi -Wall -Wno-unknown-pragmas -Wno-format -fstrength-reduce -fno-builtin -fsigned-char -pthread -fPIC -D_GNU_SOURCE -DPOSIX -mfpu=neon -mfloat-abi=hard -D$(TARGET_OS) -DMD_SUPPORT=1 -Os  -DNO_DEBUG
# makefile (from 'Makefile', line 310)
SO_VER = $(SRC_VER)
# environment
VSCODE_IPC_HOOK_CLI = /run/user/1000/vscode-ipc-ec9f2ed6-bf5a-40b4-9fc0-a2e2b6e2a628.sock
# makefile (from 'config/config.mk', line 8)
TCPATH = /home/bacancy/yocto-work/toolchain/sysroots/x86_64-deysdk-linux/usr/bin/arm-dey-linux-gnueabi/
# makefile (from 'Makefile', line 45)
BAC_PRO_BLD = build
# makefile (from 'config/config.mk', line 15)
DOXYPATH = /usr/local/bin/
# environment
XDG_SESSION_CLASS = user
# environment
HOME = /home/bacancy
# environment
ELECTRON_RUN_AS_NODE = 1
# environment
XDG_SESSION_ID = 4
# makefile (from 'rules.mk', line 40)
NM = $(TCPATH)$(TCPREFIX)nm
# default
.RECIPEPREFIX := 
# automatic
<F = $(notdir $<)
# makefile (from 'config/config.mk', line 13)
TCPREFIX = arm-dey-linux-gnueabi-
# default
SUFFIXES := 
# makefile (from 'rules.mk', line 36)
LD = $(TCPATH)$(TCPREFIX)ld
# makefile (from 'config/config.mk', line 11)
TARGET_VOS = posix
# environment
STM32_PRG_PATH = /home/bacancy/STMicroelectronics/STM32Cube/STM32CubeProgrammer/bin
# makefile (from 'config/config.mk', line 47)
CXXFLAGS = -mfpu=neon -mfloat-abi=hard
# makefile (from 'rules.mk', line 41)
STRIP = $(TCPATH)$(TCPREFIX)strip
# default
.FEATURES := target-specific order-only second-expansion else-if shortest-stem undefine oneshell nocomment grouped-target extra-prereqs archives jobserver output-sync check-symlink load
# makefile (from 'rules.mk', line 37)
CC = $(TCPATH)$(TCPREFIX)gcc
# makefile (from 'rules.mk', line 42)
OBJCOPY = $(TCPATH)$(TCPREFIX)objcopy
# environment
VSCODE_ESM_ENTRYPOINT = vs/workbench/api/node/extensionHostProcess
# environment
SSH_CONNECTION = 10.0.0.110 49856 10.0.0.140 22
# makefile (from 'rules.mk', line 45)
LN = ln -s
# variable set hash-table stats:
# Load=127/1024=12%, Rehash=0, Collisions=17/775=2%

# Pattern-specific Variable Values

# No pattern-specific variable values.

# Directories

# uart_eth_trdp_gw/uart_eth_gw (device 66306, inode 29551702): 4 files, no impossibilities.
# example/TSN (device 66306, inode 29551682): 5 files, no impossibilities.
# test/diverse (device 66306, inode 25592244): 22 files, no impossibilities.
# src/api (device 66306, inode 25350466): 17 files, no impossibilities.
# uart_eth_trdp_gw/uart_trdp (device 66306, inode 10520718): 4 files, no impossibilities.
# example (device 66306, inode 29158454): 15 files, no impossibilities.
# src/common (device 66306, inode 25350482): 35 files, no impossibilities.
# src/vos/api (device 66306, inode 25479584): 8 files, no impossibilities.
# uart_eth_trdp_gw/ethernet_trdp (device 66306, inode 29551699): 4 files, no impossibilities.
# uart_eth_trdp_gw/core/src (device 66306, inode 29158450): 3 files, no impossibilities.
# uart_eth_trdp_gw/core/inc (device 66306, inode 29158452): 3 files, no impossibilities.
# build (device 66306, inode 29927175): No files, no impossibilities so far.
# . (device 66306, inode 25350464): 27 files, no impossibilities.
# src/vos/common (device 66306, inode 25479591): 4 files, no impossibilities.
# src/vos/posix (device 66306, inode 25479604): 7 files, no impossibilities.
# test/udpmdcom (device 66306, inode 27323463): 5 files, no impossibilities.
# test (device 66306, inode 25592243): 13 files, no impossibilities.
# test/xml (device 66306, inode 27323467): 15 files, no impossibilities.

# 191 files, no impossibilities in 18 directories.

# Implicit Rules

%_config:
#  recipe to execute (from 'Makefile', line 249):
	cp -f config/$@ config/config.mk

bld/output/ccmp13-dvk-rel/%.o: %.c trdp_if_light.h trdp_types.h vos_types.h vos_sock.h | bld/output/ccmp13-dvk-rel
#  recipe to execute (from 'Makefile', line 254):
	$(CC) $(CFLAGS) $(INCLUDES) -c $< -o $@

bld/output/ccmp13-dvk-hp-rel/%.o: %.c trdp_if_light.h trdp_types.h vos_types.h vos_sock.h | bld/output/ccmp13-dvk-hp-rel
#  recipe to execute (from 'Makefile', line 257):
	$(CC) $(CFLAGS) $(INCLUDES) -DHIGH_PERF_INDEXED -c $< -o $@

build/ccmp13-dvk-bac-rel/%.o: %.c trdp_if_light.h trdp_types.h vos_types.h vos_sock.h uart_trdp.h ethernet_trdp.h uart_eth_gw.h | build/ccmp13-dvk-bac-rel
#  recipe to execute (from 'Makefile', line 273):
	$(CC) $(CFLAGS) $(INCLUDES) -c $< -o $@

%.so.2.2: %.so
#  recipe to execute (from 'Makefile', line 314):
	@cp $< $@

bld/output/ccmp13-dvk-rel/lint/%.lob: %.c | bld/output/ccmp13-dvk-rel/lint
#  recipe to execute (from 'Makefile', line 711):
	@$(ECHO) ' --- Lint $(^F)'
	@$(ECHO) '### Lint file: $(^F)'  > $(LINT_OUTDIR)/$(^F).lint
	$(FLINT) $(LINTFLAGS) -u -oo\($@\)  -zero $< 1>>$(LINT_OUTDIR)/$(^F).lint 2>>$(LINT_OUTDIR)/$(^F).lint

# 6 implicit rules, 0 (0.0%) terminal.
# Files

bld/output/ccmp13-dvk-rel/vtest: bld/output/ccmp13-dvk-rel/libtrdp.a
#  Implicit rule search has not been done.
#  Modification time never checked.
#  File has not been updated.
#  recipe to execute (from 'Makefile', line 560):
			@$(ECHO) ' ### Building vtest application $(@F)'
			$(CC) test/diverse/vtest.c \
			    -ltrdp \
			    $(LDFLAGS) $(CFLAGS) $(INCLUDES) $(LDLIBS) \
			    -o $@
			@$(STRIP) $@

# Not a target:
bld/output/ccmp13-dvk-rel/vos_shared_mem.o:
#  Implicit rule search has not been done.
#  Modification time never checked.
#  File has not been updated.

 
# Not a target:
bld/output/ccmp13-dvk-hp-rel/vos_shared_mem.o:
#  Implicit rule search has not been done.
#  Modification time never checked.
#  File has not been updated.

dist: distclean
#  Phony target (prerequisite of .PHONY).
#  Implicit rule search has not been done.
#  File does not exist.
#  File has not been updated.
#  recipe to execute (from 'Makefile', line 742):
	@$(ECHO) "Building a source archive w/o project artifacts in the top-level folder."
	tar --exclude-ignore-recursive=../.gitignore -c -J -f ../libtrdp_$(SRC_VER).debian.tar.xz debian
	cd .. && tar --exclude="debian" --exclude="bld" --exclude="VSExpress2015" --exclude="Xcode" --exclude="test" --exclude="resources" --exclude-ignore-recursive=.gitignore -c -J -f libtrdp_$(SRC_VER).orig.tar.xz trdp

# Not a target:
bld/output/ccmp13-dvk-rel/vos_utils.o:
#  Implicit rule search has not been done.
#  Modification time never checked.
#  File has not been updated.

# Not a target:
bld/output/ccmp13-dvk-hp-rel/tau_ctrl.o:
#  Implicit rule search has not been done.
#  Modification time never checked.
#  File has not been updated.

# Not a target:
bld/output/ccmp13-dvk-hp-rel/vos_mem.o:
#  Implicit rule search has not been done.
#  Modification time never checked.
#  File has not been updated.

# Not a target:
bld/output/ccmp13-dvk-rel/lint/vos_mem.lob:
#  Implicit rule search has not been done.
#  Modification time never checked.
#  File has not been updated.

# Not a target:
bld/output/ccmp13-dvk-rel/ethernet_trdp.o:
#  Implicit rule search has not been done.
#  Modification time never checked.
#  File has not been updated.

# Not a target:
build/ccmp13-dvk-bac-rel/tau_marshall.o:
#  Implicit rule search has not been done.
#  Modification time never checked.
#  File has not been updated.

# Not a target:
localtest/api_test_2.c:
#  Implicit rule search has not been done.
#  Modification time never checked.
#  File has not been updated.

tsn: bld/output/ccmp13-dvk-rel/sendTSN bld/output/ccmp13-dvk-rel/receiveTSN
#  Phony target (prerequisite of .PHONY).
#  Implicit rule search has not been done.
#  File does not exist.
#  File has not been updated.

bld/output/ccmp13-dvk-rel/test_marshalling: marshalling/test_marshalling.c bld/output/ccmp13-dvk-rel/libtrdpap.a
#  Implicit rule search has not been done.
#  Modification time never checked.
#  File has not been updated.
#  recipe to execute (from 'Makefile', line 632):
			@$(ECHO) ' ### Building local loop test tool $(@F)'
			$(CC) $^  \
				$(CFLAGS)  -Wno-unused-variable $(INCLUDES) -o $@\
				-ltrdpap \
			$(LDFLAGS) $(LDLIBS)
			@$(STRIP) $@

# Not a target:
uart_eth_trdp_gw/ethernet_trdp/ethernet_trdp.h:
#  Implicit rule search has been done.
#  Last modified 2025-09-24 11:15:45.71919164
#  File has been updated.
#  Successfully updated.

distclean: clean unconfig
#  Phony target (prerequisite of .PHONY).
#  Implicit rule search has not been done.
#  File does not exist.
#  File has not been updated.
#  recipe to execute (from 'Makefile', line 677):
	-$(RM) -r bld/*
	-$(RM) -r doc/latex/*
	-$(RM)   'doc/TCN-TRDP2-D-BOM-033-xx - TRDP Reference Manual.pdf'
	-$(RM) -r doc/html/*
	-$(RM) -r debian/libtrdp2 debian/tmp debian/libtrdp-dev debian/libtrdp-wireshark debian/files debian/debhelper-build-stamp debian/*.substvars debian/*.debhelper.log debian/.debhelper 
	-$(MAKE) -C spy/src/trdp_spy $@

# Not a target:
build/ccmp13-dvk-bac-rel/trdp_utils.o:
#  Implicit rule search has not been done.
#  Modification time never checked.
#  File has not been updated.

bld/output/ccmp13-dvk-rel/getStats: diverse/getStats.c bld/output/ccmp13-dvk-rel/libtrdp.a
#  Implicit rule search has not been done.
#  Modification time never checked.
#  File has not been updated.
#  recipe to execute (from 'Makefile', line 435):
			@$(ECHO) ' ### Building statistics commandline tool $(@F)'
			$(CC) test/diverse/getStats.c \
			    -ltrdp \
			    $(LDFLAGS) $(CFLAGS) $(INCLUDES) \
			    $(LDLIBS) \
			    -o $@
			@$(STRIP) $@

# Not a target:
bld/output/ccmp13-dvk-rel/libtau.so.2.2:
#  Implicit rule search has not been done.
#  Modification time never checked.
#  File has not been updated.

build/ccmp13-dvk-bac-rel:
#  Implicit rule search has not been done.
#  Last modified 2025-09-24 19:05:01.541565389
#  File has been updated.
#  Successfully updated.
#  recipe to execute (from 'Makefile', line 217):
	@$(MD)  $@

# Not a target:
bld/output/ccmp13-dvk-rel/trdp_utils.o:
#  Implicit rule search has not been done.
#  Modification time never checked.
#  File has not been updated.

# Not a target:
sourceFilter/sourceFiltering.c:
#  Implicit rule search has not been done.
#  Modification time never checked.
#  File has not been updated.

# Not a target:
bld/output/ccmp13-dvk-hp-rel/trdp_stats.o:
#  Implicit rule search has not been done.
#  Modification time never checked.
#  File has not been updated.

# Not a target:
diverse/getStats.c:
#  Implicit rule search has not been done.
#  Modification time never checked.
#  File has not been updated.

bld/output/ccmp13-dvk-rel/trdp-md-test-fast: bld/output/ccmp13-dvk-rel/libtrdp.a
#  Implicit rule search has not been done.
#  Modification time never checked.
#  File has not been updated.
#  recipe to execute (from 'Makefile', line 536):
			@$(ECHO) ' ### Building MD test application $(@F)'
			$(CC) test/mdpatterns/trdp-md-test-fast.c \
			    -ltrdp \
			    $(LDFLAGS) $(CFLAGS) $(INCLUDES) $(LDLIBS) \
			    -o $@
			@$(STRIP) $@

bld/output/ccmp13-dvk-rel/mdTest4: mdTest4.c bld/output/ccmp13-dvk-rel/libtrdp.a
#  Implicit rule search has not been done.
#  Modification time never checked.
#  File has not been updated.
#  recipe to execute (from 'Makefile', line 488):
			@$(ECHO) ' ### Building UDPMDCom test application $(@F)'
			$(CC) test/udpmdcom/mdTest4.c \
			    -ltrdp \
			    $(LDFLAGS) $(CFLAGS) $(INCLUDES) $(LDLIBS) \
			    -o $@
			@$(STRIP) $@

bld/output/ccmp13-dvk-rel/MCreceiver: bld/output/ccmp13-dvk-rel/libtrdp.a
#  Implicit rule search has not been done.
#  Modification time never checked.
#  File has not been updated.
#  recipe to execute (from 'Makefile', line 640):
			@$(ECHO) ' ### Building MC joiner application $(@F)'
 
			$(CC) test/diverse/MCreceiver.c \
				-ltrdp \
				$(LDFLAGS) $(CFLAGS) $(INCLUDES) $(LDLIBS) \
				-o $@
			@$(STRIP) $@

libtrdp: outdir build/ccmp13-dvk-bac-rel/libtrdp.a
#  Phony target (prerequisite of .PHONY).
#  Implicit rule search has not been done.
#  File does not exist.
#  File has been updated.
#  Needs to be updated (-q is set).
# variable set hash-table stats:
# Load=0/32=0%, Rehash=0, Collisions=0/14=0%

# Not a target:
bld/output/ccmp13-dvk-rel/tlm_if.o:
#  Implicit rule search has not been done.
#  Modification time never checked.
#  File has not been updated.

# Not a target:
rules.mk:
#  Implicit rule search has been done.
#  Last modified 2025-08-08 11:08:29.425275
#  File has been updated.
#  Successfully updated.

# Not a target:
mdTest4.c:
#  Implicit rule search has not been done.
#  Modification time never checked.
#  File has not been updated.

lint: bld/output/ccmp13-dvk-rel/lint/final.lint | bld/output/ccmp13-dvk-rel/lint
#  Phony target (prerequisite of .PHONY).
#  Implicit rule search has not been done.
#  File does not exist.
#  File has not been updated.

bld/output/ccmp13-dvk-rel/echoCallback: echoCallback.c bld/output/ccmp13-dvk-rel/libtrdp.a
#  Implicit rule search has not been done.
#  Modification time never checked.
#  File has not been updated.
#  recipe to execute (from 'Makefile', line 356):
			@$(ECHO) ' ### Building application $(@F)'
			$(CC) example/echoCallback.c \
				$(CFLAGS) $(INCLUDES) -o $@\
				-ltrdp \
				$(LDFLAGS) $(LDLIBS)
			@$(STRIP) $@
	

bld/output/ccmp13-dvk-rel/localtest3: localtest/api_test_3.c bld/output/ccmp13-dvk-rel/libtrdpap.a
#  Implicit rule search has not been done.
#  Modification time never checked.
#  File has not been updated.
#  recipe to execute (from 'Makefile', line 616):
			@$(ECHO) ' ### Building local loop test tool $(@F)'
			$(CC) $^  \
				$(CFLAGS)  -Wno-unused-variable $(INCLUDES) -o $@\
				-ltrdpap \
				$(LDFLAGS) $(LDLIBS)
			@$(STRIP) $@

# Not a target:
bld/output/ccmp13-dvk-rel/trdp_pdcom.o:
#  Implicit rule search has not been done.
#  Modification time never checked.
#  File has not been updated.

# Not a target:
bld/output/ccmp13-dvk-rel/tau_ctrl.o:
#  Implicit rule search has not been done.
#  Modification time never checked.
#  File has not been updated.

# Not a target:
build/ccmp13-dvk-bac-rel/tau_cstinfo.o:
#  Implicit rule search has not been done.
#  Modification time never checked.
#  File has not been updated.

# Not a target:
receiveHello.c:
#  Implicit rule search has not been done.
#  Modification time never checked.
#  File has not been updated.

# Not a target:
echoPolling.c:
#  Implicit rule search has not been done.
#  Modification time never checked.
#  File has not been updated.

bld/output/ccmp13-dvk-rel/sourceFiltering: sourceFilter/sourceFiltering.c bld/output/ccmp13-dvk-rel/libtrdp.a
#  Implicit rule search has not been done.
#  Modification time never checked.
#  File has not been updated.
#  recipe to execute (from 'Makefile', line 374):
			@$(ECHO) ' ### Building application $(@F)'
			$(CC) example/sourceFilter/sourceFiltering.c \
			$(CFLAGS) $(INCLUDES) -o $@\
				-ltrdp \
				$(LDFLAGS) $(LDLIBS)
				@$(STRIP) $@

# Not a target:
bld/output/ccmp13-dvk-rel/lint/trdp_mdcom.lob:
#  Implicit rule search has not been done.
#  Modification time never checked.
#  File has not been updated.

# Not a target:
mdManager.c:
#  Implicit rule search has not been done.
#  Modification time never checked.
#  File has not been updated.

bld/output/ccmp13-dvk-rel/trdp-pd-test: bld/output/ccmp13-dvk-rel/libtrdp.a
#  Implicit rule search has not been done.
#  Modification time never checked.
#  File has not been updated.
#  recipe to execute (from 'Makefile', line 512):
			@$(ECHO) ' ### Building PD test application $(@F)'
			$(CC) test/pdpatterns/trdp-pd-test.c \
			    -ltrdp \
			    $(LDFLAGS) $(CFLAGS) $(INCLUDES) $(LDLIBS) \
			    -o $@
			@$(STRIP) $@

# Not a target:
pdMcRoutingTest.c:
#  Implicit rule search has not been done.
#  Modification time never checked.
#  File has not been updated.

bld/output/ccmp13-dvk-rel/sendData: sendData.c bld/output/ccmp13-dvk-rel/libtrdp.a
#  Implicit rule search has not been done.
#  Modification time never checked.
#  File has not been updated.
#  recipe to execute (from 'Makefile', line 426):
			@$(ECHO) ' ### Building application $(@F)'
			$(CC) example/sendData.c \
				-ltrdp \
				$(LDFLAGS) $(CFLAGS) $(INCLUDES) \
				$(LDLIBS) \
				-o $@
			@$(STRIP) $@

build/ccmp13-dvk-bac-rel/libtrdp.a: build/ccmp13-dvk-bac-rel/ethernet_trdp.o build/ccmp13-dvk-bac-rel/uart_trdp.o build/ccmp13-dvk-bac-rel/uart_eth_gw.o build/ccmp13-dvk-bac-rel/trdp_pdcom.o build/ccmp13-dvk-bac-rel/trdp_utils.o build/ccmp13-dvk-bac-rel/tlp_if.o build/ccmp13-dvk-bac-rel/tlc_if.o build/ccmp13-dvk-bac-rel/trdp_stats.o build/ccmp13-dvk-bac-rel/vos_utils.o build/ccmp13-dvk-bac-rel/vos_mem.o build/ccmp13-dvk-bac-rel/vos_sock.o build/ccmp13-dvk-bac-rel/vos_thread.o build/ccmp13-dvk-bac-rel/vos_shared_mem.o build/ccmp13-dvk-bac-rel/trdp_mdcom.o build/ccmp13-dvk-bac-rel/tlm_if.o
#  Implicit rule search has not been done.
#  Last modified 2025-09-24 19:04:57.993630073
#  File has been updated.
#  Needs to be updated (-q is set).
# variable set hash-table stats:
# Load=0/32=0%, Rehash=0, Collisions=0/14=0%
#  recipe to execute (from 'Makefile', line 278):
			@$(ECHO) ' ### Building the lib for bac in build Folder $(@F)'
			@$(RM) $@
			$(AR) cq $@ $^

# Not a target:
Makefile:
#  Implicit rule search has been done.
#  Last modified 2025-09-18 11:42:17.276268603
#  File has been updated.
#  Successfully updated.

deb-pkg: bindeb-pkg
#  Phony target (prerequisite of .PHONY).
#  Implicit rule search has not been done.
#  File does not exist.
#  File has not been updated.
#  recipe to execute (from 'Makefile', line 756):
	@echo "Building the source pkg is not yet available."

outdir:
#  Implicit rule search has been done.
#  File does not exist.
#  File has been updated.
#  Successfully updated.

bld/output/ccmp13-dvk-rel/lint/final.lint: bld/output/ccmp13-dvk-rel/lint/trdp_stats.lob bld/output/ccmp13-dvk-rel/lint/vos_utils.lob bld/output/ccmp13-dvk-rel/lint/vos_sock.lob bld/output/ccmp13-dvk-rel/lint/vos_mem.lob bld/output/ccmp13-dvk-rel/lint/vos_thread.lob bld/output/ccmp13-dvk-rel/lint/vos_shared_mem.lob bld/output/ccmp13-dvk-rel/lint/trdp_pdcom.lob bld/output/ccmp13-dvk-rel/lint/trdp_mdcom.lob bld/output/ccmp13-dvk-rel/lint/trdp_utils.lob bld/output/ccmp13-dvk-rel/lint/tlc_if.lob bld/output/ccmp13-dvk-rel/lint/tlp_if.lob bld/output/ccmp13-dvk-rel/lint/tlm_if.lob bld/output/ccmp13-dvk-rel/lint/trdp_stats.lob | bld/output/ccmp13-dvk-rel/lint
#  Implicit rule search has not been done.
#  Modification time never checked.
#  File has not been updated.
 
#  recipe to execute (from 'Makefile', line 705):
	@$(ECHO) '### Lint Final'
	@$(ECHO) '### Final Lint Stage - Verifying inter module / system wide stuff' > $@
	$(FLINT) $(LINTFLAGS) $(SILENCE_LINT) -zero  $^ 1>>$@ 2>>$@

bld/output/ccmp13-dvk-rel/libtrdpap.a: bld/output/ccmp13-dvk-rel/ethernet_trdp.o bld/output/ccmp13-dvk-rel/uart_trdp.o bld/output/ccmp13-dvk-rel/uart_eth_gw.o bld/output/ccmp13-dvk-rel/trdp_pdcom.o bld/output/ccmp13-dvk-rel/trdp_utils.o bld/output/ccmp13-dvk-rel/tlp_if.o bld/output/ccmp13-dvk-rel/tlc_if.o bld/output/ccmp13-dvk-rel/trdp_stats.o bld/output/ccmp13-dvk-rel/vos_utils.o bld/output/ccmp13-dvk-rel/vos_mem.o bld/output/ccmp13-dvk-rel/vos_sock.o bld/output/ccmp13-dvk-rel/vos_thread.o bld/output/ccmp13-dvk-rel/vos_shared_mem.o bld/output/ccmp13-dvk-rel/trdp_mdcom.o bld/output/ccmp13-dvk-rel/tlm_if.o bld/output/ccmp13-dvk-rel/trdp_xml.o bld/output/ccmp13-dvk-rel/tau_xml.o bld/output/ccmp13-dvk-rel/tau_marshall.o bld/output/ccmp13-dvk-rel/tau_dnr.o bld/output/ccmp13-dvk-rel/tau_tti.o bld/output/ccmp13-dvk-rel/tau_cstinfo.o bld/output/ccmp13-dvk-rel/tau_ctrl.o bld/output/ccmp13-dvk-rel/tau_xsession.o bld/output/ccmp13-dvk-rel/tau_xmarshall.o
#  Implicit rule search has not been done.
#  Modification time never checked.
#  File has not been updated.
#  recipe to execute (from 'Makefile', line 265):
			@$(ECHO) ' ### Building the lib pap $(@F)'
			@$(RM) $@
			$(AR) cq $@ $^

vtests: outdir bld/output/ccmp13-dvk-rel/vtest
#  Phony target (prerequisite of .PHONY).
#  Implicit rule search has not been done.
#  File does not exist.
#  File has not been updated.

# Not a target:
build/ccmp13-dvk-bac-rel/uart_eth_gw.o:
#  Implicit rule search has not been done.
#  Modification time never checked.
#  File has not been updated.

# Not a target:
bld/output/ccmp13-dvk-rel/lint/vos_utils.lob:
#  Implicit rule search has not been done.
#  Modification time never checked.
#  File has not been updated.

# Not a target:
bld/output/ccmp13-dvk-rel/lint/vos_shared_mem.lob:
#  Implicit rule search has not been done.
#  Modification time never checked.
#  File has not been updated.

# Not a target:
build/ccmp13-dvk-bac-rel/uart_trdp.o:
#  Implicit rule search has not been done.
#  Modification time never checked.
#  File has not been updated.

# Not a target:
marshalling/test_marshalling.c:
#  Implicit rule search has not been done.
#  Modification time never checked.
#  File has not been updated.

# Not a target:
echoCallback.c:
#  Implicit rule search has not been done.
#  Modification time never checked.
#  File has not been updated.

bld/output/ccmp13-dvk-rel/pd_responder: bld/output/ccmp13-dvk-rel/libtrdp.a pd_responder.c
#  Implicit rule search has not been done.
#  Modification time never checked.
#  File has not been updated.
#  recipe to execute (from 'Makefile', line 576):
			@$(ECHO) ' ### Building PD test application $(@F)'
			$(CC) test/diverse/pd_responder.c \
			    -ltrdp \
			    $(LDFLAGS) $(CFLAGS) $(INCLUDES) $(LDLIBS) \
			    -o $@
			@$(STRIP) $@

bld/output/ccmp13-dvk-rel/test_mdSingle: test_mdSingle.c bld/output/ccmp13-dvk-rel/libtrdp.a
#  Implicit rule search has not been done.
#  Modification time never checked.
#  File has not been updated.
#  recipe to execute (from 'Makefile', line 496):
			@$(ECHO) ' ### Building MD single test application $(@F)'
			$(CC) test/diverse/test_mdSingle.c \
			    -ltrdp \
			    $(LDFLAGS) $(CFLAGS) $(INCLUDES) $(LDLIBS) \
			    -o $@
			@$(STRIP) $@

bld/output/ccmp13-dvk-rel/pdPull: bld/output/ccmp13-dvk-rel/libtrdp.a pdPull.c
#  Implicit rule search has not been done.
#  Modification time never checked.
#  File has not been updated.
#  recipe to execute (from 'Makefile', line 592):
			@$(ECHO) ' ### Building PD pull test application $(@F)'
			$(CC) test/diverse/pdPull.c \
			    -ltrdp \
			    $(LDFLAGS) $(CFLAGS) $(INCLUDES) $(LDLIBS) \
			    -o $@
			@$(STRIP) $@

# Not a target:
bld/output/ccmp13-dvk-rel/uart_eth_gw.o:
#  Implicit rule search has not been done.
#  Modification time never checked.
#  File has not been updated.

# Not a target:
bld/output/ccmp13-dvk-rel/tau_marshall.o:
#  Implicit rule search has not been done.
#  Modification time never checked.
#  File has not been updated.

# Not a target:
src/vos/api/vos_types.h:
#  Implicit rule search has been done.
#  Last modified 2025-08-08 11:08:29.438277
#  File has been updated.
#  Successfully updated.

clean:
#  Phony target (prerequisite of .PHONY).
#  Implicit rule search has not been done.
#  File does not exist.
#  File has not been updated.
#  recipe to execute (from 'Makefile', line 670):
	-$(RM) -r $(OUTDIR) $(OUTDIR_HP) $(BAC_OUTDIR)

build/ccmp13-dvk-bac-rel/ethernet_trdp.o: uart_eth_trdp_gw/ethernet_trdp/ethernet_trdp.c src/api/trdp_if_light.h src/api/trdp_types.h src/vos/api/vos_types.h src/vos/api/vos_sock.h uart_eth_trdp_gw/uart_trdp/uart_trdp.h uart_eth_trdp_gw/ethernet_trdp/ethernet_trdp.h uart_eth_trdp_gw/uart_eth_gw/uart_eth_gw.h | build/ccmp13-dvk-bac-rel
#  Implicit rule search has been done.
#  Implicit/static pattern stem: 'ethernet_trdp'
#  Last modified 2025-09-24 18:51:48.893507346
#  File has been updated.
#  Needs to be updated (-q is set).
# automatic
# @ := build/ccmp13-dvk-bac-rel/ethernet_trdp.o
# automatic
# * := ethernet_trdp
# automatic
# < := uart_eth_trdp_gw/ethernet_trdp/ethernet_trdp.c
# automatic
# + := uart_eth_trdp_gw/ethernet_trdp/ethernet_trdp.c src/api/trdp_if_light.h src/api/trdp_types.h src/vos/api/vos_types.h src/vos/api/vos_sock.h uart_eth_trdp_gw/uart_trdp/uart_trdp.h uart_eth_trdp_gw/ethernet_trdp/ethernet_trdp.h uart_eth_trdp_gw/uart_eth_gw/uart_eth_gw.h
# automatic
# % := 
# automatic
# ^ := uart_eth_trdp_gw/ethernet_trdp/ethernet_trdp.c src/api/trdp_if_light.h src/api/trdp_types.h src/vos/api/vos_types.h src/vos/api/vos_sock.h uart_eth_trdp_gw/uart_trdp/uart_trdp.h uart_eth_trdp_gw/ethernet_trdp/ethernet_trdp.h uart_eth_trdp_gw/uart_eth_gw/uart_eth_gw.h
# automatic
# ? := uart_eth_trdp_gw/ethernet_trdp/ethernet_trdp.c
# automatic
# | := build/ccmp13-dvk-bac-rel
# variable set hash-table stats:
# Load=8/32=25%, Rehash=0, Collisions=8/24=33%
#  recipe to execute (from 'Makefile', line 273):
	$(CC) $(CFLAGS) $(INCLUDES) -c $< -o $@

bld/output/ccmp13-dvk-rel/echoTrackside: echoTrackside.c bld/output/ccmp13-dvk-rel/libtrdp.a
#  Implicit rule search has not been done.
#  Modification time never checked.
#  File has not been updated.
#  recipe to execute (from 'Makefile', line 366):
			@$(ECHO) ' ### Building application $(@F)'
			$(CC) example/echoTrackside.c \
				$(CFLAGS) $(INCLUDES) -o $@\
				-ltrdp \
				$(LDFLAGS) $(LDLIBS)
			@$(STRIP) $@

# Not a target:
sendData.c:
#  Implicit rule search has not been done.
#  Modification time never checked.
#  File has not been updated.

# Not a target:
subTest.c:
#  Implicit rule search has not been done.
#  Modification time never checked.
#  File has not been updated.

bld/output/ccmp13-dvk-rel/receivePolling: echoPolling.c bld/output/ccmp13-dvk-rel/libtrdp.a
#  Implicit rule search has not been done.
#  Modification time never checked.
#  File has not been updated.
#  recipe to execute (from 'Makefile', line 382):
			@$(ECHO) ' ### Building application $(@F)'
			$(CC) example/echoPolling.c \
				$(CFLAGS) $(INCLUDES) -o $@\
				-ltrdp \
				$(LDFLAGS) $(LDLIBS)
			@$(STRIP) $@

 
# Not a target:
bld/output/ccmp13-dvk-rel/lint/vos_sock.lob:
#  Implicit rule search has not been done.
#  Modification time never checked.
#  File has not been updated.

# Not a target:
mdDataLengthTest.c:
#  Implicit rule search has not been done.
#  Modification time never checked.
#  File has not been updated.

bld/output/ccmp13-dvk-hp-rel:
#  Implicit rule search has not been done.
#  Modification time never checked.
#  File has not been updated.
#  recipe to execute (from 'Makefile', line 217):
	@$(MD)  $@

# Not a target:
build/ccmp13-dvk-bac-rel/vos_mem.o:
#  Implicit rule search has not been done.
#  Modification time never checked.
#  File has not been updated.

# Not a target:
bld/output/ccmp13-dvk-rel/lint/trdp_pdcom.lob:
#  Implicit rule search has not been done.
#  Modification time never checked.
#  File has not been updated.

bld/output/ccmp13-dvk-rel/receiveTSN: receiveTSN.c bld/output/ccmp13-dvk-rel/libtrdp.a
#  Implicit rule search has not been done.
#  Modification time never checked.
#  File has not been updated.
#  recipe to execute (from 'Makefile', line 408):
			@$(ECHO) ' ### Building application $(@F)'
			$(CC) example/TSN/receiveTSN.c \
			-ltrdp \
			$(LDFLAGS) $(CFLAGS) $(INCLUDES) \
			$(LDLIBS) \
			-o $@
			@$(STRIP) $@

# Not a target:
bld/output/ccmp13-dvk-rel/vos_sock.o:
#  Implicit rule search has not been done.
#  Modification time never checked.
#  File has not been updated.

# Not a target:
bld/output/ccmp13-dvk-rel/lint/trdp_stats.lob:
#  Implicit rule search has not been done.
#  Modification time never checked.
#  File has not been updated.

# Not a target:
build/ccmp13-dvk-bac-rel/vos_utils.o:
#  Implicit rule search has not been done.
#  Modification time never checked.
#  File has not been updated.

# Not a target:
diverse/inaugTest.c:
#  Implicit rule search has not been done.
#  Modification time never checked.
#  File has not been updated.

bld/output/ccmp13-dvk-rel/trdp-xmlpd-test: trdp-xmlpd-test.c bld/output/ccmp13-dvk-rel/libtrdpap.a
#  Implicit rule search has not been done.
#  Modification time never checked.
#  File has not been updated.
#  recipe to execute (from 'Makefile', line 472):
			@$(ECHO) ' ### Building application $(@F)'
			$(CC) $^  \
			$(CFLAGS) $(INCLUDES) -o $@\
			-ltrdpap \
			$(LDFLAGS) $(LDLIBS)
			@$(STRIP) $@

# Not a target:
bld/output/ccmp13-dvk-hp-rel/tau_cstinfo.o:
#  Implicit rule search has not been done.
#  Modification time never checked.
#  File has not been updated.

# Not a target:
build/ccmp13-dvk-bac-rel/tlp_if.o:
#  Implicit rule search has not been done.
#  Modification time never checked.
#  File has not been updated.

# Not a target:
bld/output/ccmp13-dvk-hp-rel/trdp_pdcom.o:
#  Implicit rule search has not been done.
#  Modification time never checked.
#  File has not been updated.

bld/output/ccmp13-dvk-rel:
#  Implicit rule search has not been done.
#  Modification time never checked.
#  File has not been updated.
#  recipe to execute (from 'Makefile', line 217):
	@$(MD)  $@

bindeb-pkg:
#  Phony target (prerequisite of .PHONY).
#  Implicit rule search has not been done.
#  File does not exist.
#  File has not been updated.
#  recipe to execute (from 'Makefile', line 748):
	debuild -us -uc -i -I -b
	@$(MD) "$(BUILD)/pkg"
	@mv ../libtrdp* "$(BUILD)/pkg"
	@echo "|=============================================================================="
	@echo "| Find the packages here: '$(BUILD)/pkg'"
	@echo "|=============================================================================="

bld/output/ccmp13-dvk-rel/localtest4: localtest/api_test_4.c bld/output/ccmp13-dvk-rel/libtrdpap.a
#  Implicit rule search has not been done.
#  Modification time never checked.
#  File has not been updated.
#  recipe to execute (from 'Makefile', line 624):
			@$(ECHO) ' ### Building local loop test tool $(@F)'
			$(CC) $^  \
				$(CFLAGS)  -Wno-unused-variable $(INCLUDES) -o $@\
				-ltrdpap \
			$(LDFLAGS) $(LDLIBS)
			@$(STRIP) $@

# Not a target:
build/ccmp13-dvk-bac-rel/tlc_if.o:
#  Implicit rule search has not been done.
#  Modification time never checked.
#  File has not been updated.

# Not a target:
bld/output/ccmp13-dvk-rel/trdp_stats.o:
#  Implicit rule search has not been done.
#  Modification time never checked.
#  File has not been updated.

# Not a target:
pd_responder.c:
#  Implicit rule search has not been done.
#  Modification time never checked.
#  File has not been updated.

# Not a target:
bld/output/ccmp13-dvk-rel/tau_tti.o:
#  Implicit rule search has not been done.
#  Modification time never checked.
#  File has not been updated.

bld/output/ccmp13-dvk-rel/testSub: bld/output/ccmp13-dvk-rel/libtrdp.a subTest.c
#  Implicit rule search has not been done.
#  Modification time never checked.
#  File has not been updated.
#  recipe to execute (from 'Makefile', line 584):
			@$(ECHO) ' ### Building subscribe PD test application $(@F)'
			$(CC) test/diverse/subTest.c \
			    -ltrdp \
			    $(LDFLAGS) $(CFLAGS) $(INCLUDES) $(LDLIBS) \
			    -o $@
			@$(STRIP) $@

# Not a target:
bld/output/ccmp13-dvk-rel/trdp_xml.o:
#  Implicit rule search has not been done.
#  Modification time never checked.
#  File has not been updated.

# Not a target:
bld/output/ccmp13-dvk-rel/tau_xml.o:
#  Implicit rule search has not been done.
#  Modification time never checked.
#  File has not been updated.

.EXPORT_ALL_VARIABLES:
#  Implicit rule search has not been done.
#  Modification time never checked.
#  File has not been updated.

# Not a target:
bld/output/ccmp13-dvk-rel/vos_mem.o:
 
#  Implicit rule search has not been done.
#  Modification time never checked.
#  File has not been updated.

# Not a target:
uart_eth_trdp_gw/ethernet_trdp/ethernet_trdp.c:
#  Implicit rule search has been done.
#  Last modified 2025-09-24 19:33:04.358759751
#  File has been updated.
#  Successfully updated.

# Not a target:
bld/output/ccmp13-dvk-hp-rel/tau_xsession.o:
#  Implicit rule search has not been done.
#  Modification time never checked.
#  File has not been updated.

# Not a target:
bld/output/ccmp13-dvk-rel/lint/tlc_if.lob:
#  Implicit rule search has not been done.
#  Modification time never checked.
#  File has not been updated.

bld/output/ccmp13-dvk-rel/pdMcRouting: bld/output/ccmp13-dvk-rel/libtrdp.a pdMcRoutingTest.c
#  Implicit rule search has not been done.
#  Modification time never checked.
#  File has not been updated.
#  recipe to execute (from 'Makefile', line 648):
			@$(ECHO) ' ### Building PD MC routing test receiver application $(@F)'
			$(CC) test/diverse/pdMcRoutingTest.c \
			    -ltrdp \
			    $(LDFLAGS) $(CFLAGS) $(INCLUDES) $(LDLIBS) \
			    -o $@
			@$(STRIP) $@

# Not a target:
build/ccmp13-dvk-bac-rel/tau_xml.o:
#  Implicit rule search has not been done.
#  Modification time never checked.
#  File has not been updated.

bld/output/ccmp13-dvk-rel/sendTSN: sendTSN.c bld/output/ccmp13-dvk-rel/libtrdp.a
#  Implicit rule search has not been done.
#  Modification time never checked.
#  File has not been updated.
#  recipe to execute (from 'Makefile', line 417):
			@$(ECHO) ' ### Building application $(@F)'
			$(CC) example/TSN/sendTSN.c \
			-ltrdp \
			$(LDFLAGS) $(CFLAGS) $(INCLUDES) \
			$(LDLIBS) \
			-o $@
			@$(STRIP) $@

libtrdpap: outdir build/ccmp13-dvk-bac-rel/libtrdpap.a
#  Phony target (prerequisite of .PHONY).
#  Implicit rule search has not been done.
#  File does not exist.
#  File has not been updated.

bld/output/ccmp13-dvk-hp-rel/libtau-hp.so: bld/output/ccmp13-dvk-hp-rel/trdp_xml.o bld/output/ccmp13-dvk-hp-rel/tau_xml.o bld/output/ccmp13-dvk-hp-rel/tau_marshall.o bld/output/ccmp13-dvk-hp-rel/tau_dnr.o bld/output/ccmp13-dvk-hp-rel/tau_tti.o bld/output/ccmp13-dvk-hp-rel/tau_cstinfo.o bld/output/ccmp13-dvk-hp-rel/tau_ctrl.o bld/output/ccmp13-dvk-hp-rel/tau_xsession.o bld/output/ccmp13-dvk-hp-rel/tau_xmarshall.o bld/output/ccmp13-dvk-hp-rel/libtrdp-hp.so
#  Implicit rule search has not been done.
#  Modification time never checked.
#  File has not been updated.
#  recipe to execute (from 'Makefile', line 335):
			@$(ECHO) ' ### Building the lib $(@F)'
			$(CC) $(CFLAGS) $(LDFLAGS) -L$(OUTDIR_HP) -Wl,-soname,libtau-hp.so.$(SO_VER_MAJ) \
				-shared -o "$@" $^ $(LDLIBS) -ltrdp-hp

bld/output/ccmp13-dvk-rel/lint:
#  Implicit rule search has not been done.
#  Modification time never checked.
#  File has not been updated.
#  recipe to execute (from 'Makefile', line 692):
	@$(MD) $@

doc/latex/refman.pdf: Doxyfile src/api/trdp_if_light.h src/api/trdp_types.h
#  Implicit rule search has not been done.
#  Modification time never checked.
#  File has not been updated.
#  recipe to execute (from 'Makefile', line 723):
			@$(ECHO) ' ### Making the Reference Manual PDF'
			$(DOXYPATH)doxygen Doxyfile
			make -C doc/latex
			cp doc/latex/refman.pdf "doc/TCN-TRDP2-D-BOM-033-xx - TRDP Reference Manual.pdf"

# Not a target:
bld/output/ccmp13-dvk-hp-rel/libtrdp-hp.so.2.2:
#  Implicit rule search has not been done.
#  Modification time never checked.
#  File has not been updated.

# Not a target:
.DEFAULT:
#  Implicit rule search has not been done.
#  Modification time never checked.
#  File has not been updated.

bld/output/ccmp13-dvk-rel/inaugTest: diverse/inaugTest.c bld/output/ccmp13-dvk-rel/libtrdp.a
#  Implicit rule search has not been done.
#  Modification time never checked.
#  File has not been updated.
#  recipe to execute (from 'Makefile', line 504):
			@$(ECHO) ' ### Building republish test $(@F)'
			$(CC) test/diverse/inaugTest.c \
			    -ltrdp \
			    $(LDFLAGS) $(CFLAGS) $(INCLUDES) $(LDLIBS) \
			    -o $@
			@$(STRIP) $@

# Not a target:
bld/output/ccmp13-dvk-rel/tau_xmarshall.o:
#  Implicit rule search has not been done.
#  Modification time never checked.
#  File has not been updated.

bld/output/ccmp13-dvk-rel/trdp-pd-test-fast: bld/output/ccmp13-dvk-rel/libtrdp.a
#  Implicit rule search has not been done.
#  Modification time never checked.
#  File has not been updated.
#  recipe to execute (from 'Makefile', line 520):
			@$(ECHO) ' ### Building PD test application $(@F)'
			$(CC) test/pdpatterns/trdp-pd-test-fast.c \
			    -ltrdp \
			    $(LDFLAGS) $(CFLAGS) $(INCLUDES) $(LDLIBS) \
			    -o $@
			@$(STRIP) $@

# Not a target:
trdp-xmlprint-test.c:
#  Implicit rule search has not been done.
#  Modification time never checked.
#  File has not been updated.

# Not a target:
localtest/api_test_3.c:
#  Implicit rule search has not been done.
#  Modification time never checked.
#  File has not been updated.

# Not a target:
bld/output/ccmp13-dvk-rel/lint/vos_thread.lob:
#  Implicit rule search has not been done.
#  Modification time never checked.
#  File has not been updated.

# Not a target:
src/api/trdp_types.h:
#  Implicit rule search has been done.
#  Last modified 2025-08-08 11:08:29.434276
#  File has been updated.
#  Successfully updated.

all: libtrdp example test pdtest mdtest xml marshall uart_eth_trdp_gw libtrdpap
#  Phony target (prerequisite of .PHONY).
#  Command line target.
#  Implicit rule search has not been done.
#  File does not exist.
#  File has been updated.
#  Needs to be updated (-q is set).
# variable set hash-table stats:
# Load=0/32=0%, Rehash=0, Collisions=0/14=0%

# Not a target:
build/ccmp13-dvk-bac-rel/tau_xmarshall.o:
#  Implicit rule search has not been done.
#  Modification time never checked.
#  File has not been updated.

doc: doc/latex/refman.pdf
#  Phony target (prerequisite of .PHONY).
#  Implicit rule search has not been done.
#  File does not exist.
#  File has not been updated.

bld/output/ccmp13-dvk-rel/mdDataLength: bld/output/ccmp13-dvk-rel/libtrdp.a mdDataLengthTest.c
#  Implicit rule search has not been done.
#  Modification time never checked.
#  File has not been updated.
#  recipe to execute (from 'Makefile', line 656):
			@$(ECHO) ' ### Building PD MC routing test receiver application $(@F)'
			$(CC) test/diverse/mdDataLengthTest.c \
			    -ltrdp \
			    $(LDFLAGS) $(CFLAGS) $(INCLUDES) $(LDLIBS) \
			    -o $@
			@$(STRIP) $@		
 

help:
#  Phony target (prerequisite of .PHONY).
#  Implicit rule search has not been done.
#  File does not exist.
#  File has not been updated.
#  recipe to execute (from 'Makefile', line 764):
	@$(ECHO) " " >&2
	@$(ECHO) "BUILD TARGETS FOR TRDP" >&2
	@$(ECHO) "Load one of the configurations below with 'make <configuration>' first:" >&2
	@$(ECHO) "  " >&2
	@$(ECHO) "  * LINUX_config                 - Native build for Linux (uses host gcc regardless of 32/64 bit)" >&2
	@$(ECHO) "  * LINUX_X86_config             - Native build for Linux (Little Endian, uses host gcc 32Bit)" >&2
	@$(ECHO) "  * LINUX_X86_64_config          - Native build for Linux (Little Endian, uses host gcc 64Bit)" >&2
	@$(ECHO) "  * LINUX_X86_64_HP_config       - Native build for Linux as high performance library" >&2
	@$(ECHO) "  * LINUX_X86_64_HP_conform_config - Native build for Linux for Conformance Testing (2.1 API)" >&2
	@$(ECHO) "  * LINUX_PPC_config             - (experimental) Building for Linux on PowerPC using eglibc compiler (603 core)" >&2
	@$(ECHO) "  * LINUX_imx7_config            - Building for Linux ARM7/imx7 using YOCTO toolchain" >&2
	@$(ECHO) "  * LINUX_sama5d27_config        - Native build on NTSecureGateway HelmsDeep96" >&2
	@$(ECHO) "  * LINUX_TSN_config             - (experimental) Native build for RTLinux with basic TSN support" >&2
	@$(ECHO) "  * OSX_64_TSN_config            - Native build for macOS 64Bit with TSN" >&2
	@$(ECHO) "  * OSX_X86_64_config            - Native build for macOS 64Bit" >&2
	@$(ECHO) "  * OSX_X86_64_HP_config         - Native build for macOS 64Bit as high performance library" >&2
	@$(ECHO) "  * OSX_X86_64_SOA_TSN_config    - Native build for macOS 64Bit with SOA and TSN" >&2
	@$(ECHO) "  * POSIX_X86_config             - Native build for POSIX compliant systems" >&2
	@$(ECHO) "  * CENTOS_X86_64_config         - Native build for CentOS7 (Linux, little endian, 64Bit)" >&2
	@$(ECHO) "  * QNX_X86_config               - (experimental) Native (X86) build for QNX" >&2
	@$(ECHO) "  * VXWORKS_KMODE_PPC_config     - (experimental) Building for VXWORKS kernel mode for PowerPC" >&2
	@$(ECHO) "  * DEB_config                   - Native build settings Debian library package" >&2
	@$(ECHO) " " >&2
	@$(ECHO) "Custom adaptation hints:" >&2
	@$(ECHO) " " >&2
	@$(ECHO) "a) create a buildsettings_%target file containing the paths for compilers etc. prepared to be uesd as source file for your build shell" >&2
	@$(ECHO) "b) adapt the most fitting *_config file to your needs and add it for comprehensibilty to the above list." >&2
	@$(ECHO) " " >&2
	@$(ECHO) "Then call 'make' or 'make all' to build everything. Contents of target all marked below" >&2
	@$(ECHO) "in the 'Other builds:' list with #" >&2
	@$(ECHO) "To build debug binaries, append 'DEBUG=TRUE' to the make command " >&2
	@$(ECHO) "To exclude message data support, append 'MD_SUPPORT=0' to the make command " >&2
	@$(ECHO) "To include realtime scheduling support, append 'RT_THREADS=1' to the make command " >&2
	@$(ECHO) "To build to a path other than '$(BUILD)', append 'BUILD=other/path'." >&2
	@$(ECHO) " " >&2
	@$(ECHO) "Other builds:" >&2
	@$(ECHO) "  * make test      # build the test server application" >&2
	@$(ECHO) "  * make pdtest    # build the PDCom test applications" >&2
	@$(ECHO) "  * make mdtest    # build the UDPMDcom test application" >&2
	@$(ECHO) "  * make example   # build the example for MD communication, needs libuuid!" >&2
	@$(ECHO) "  * make libtrdp   # build the static library, only" >&2
	@$(ECHO) "  * make libtrdpap # build the static library including xml parsing, marshalling, dnr and tti" >&2
	@$(ECHO) "  * make xml       # build the xml test applications" >&2
	@$(ECHO) "  * make highperf  # build test applications for high performance (separate PD/MD threads)" >&2
	@$(ECHO) "  * make install   # requires INSTALLDIR to be set and copies the libtrdpap.a lib there" >&2
	@$(ECHO) " " >&2
	@$(ECHO) "Static analysis (currently in prototype state) " >&2
	@$(ECHO) "  * make lint      - build LINT analysis files using the LINT binary under $FLINT" >&2
	@$(ECHO) " " >&2
	@$(ECHO) "Build tree clean up helpers" >&2
	@$(ECHO) "  * make clean     - remove all binaries and objects of the current target" >&2
	@$(ECHO) "  * make unconfig  - remove the configuration file" >&2
	@$(ECHO) "  * make distclean - make clean unconfig" >&2
	@$(ECHO) " " >&2
	@$(ECHO) "Wrap special packages" >&2
	@$(ECHO) "  * make dist      - package a stripped down source archive" >&2
	@$(ECHO) "  * make bindeb-pkg- build Debian packages of the library, docs and Wireshark-plugin (w/o tests or examples)" >&2
	@$(ECHO) "      The shared libraries can be included via '-ltrdp' or '-ltau' (the latter depends on libtrdp)." >&2
	@$(ECHO) "      You can also include -ltrdp-hp or -ltau-hp respectively for the Indexed-variants. Don't forget to " >&2
	@$(ECHO) "      define -DHIGH_PERF_INDEXED in that case for the included-headers to know right." >&2
	@$(ECHO) " " >&2
	@$(ECHO) "Documentation generator" >&2
	@$(ECHO) "  * make doc       - build the documentation (refman.pdf)" >&2
	@$(ECHO) "                   - (needs doxygen installed in executable path)" >&2
	@$(ECHO) " " >&2
	@$(ECHO) " src version: $(SRC_VER)" >&2
	@$(ECHO) " " >&2

# Not a target:
build/ccmp13-dvk-bac-rel/tau_tti.o:
#  Implicit rule search has not been done.
#  Modification time never checked.
#  File has not been updated.

# Not a target:
src/vos/api/vos_sock.h:
#  Implicit rule search has been done.
#  Last modified 2025-08-08 11:08:29.438277
#  File has been updated.
#  Successfully updated.

# Not a target:
build/ccmp13-dvk-bac-rel/vos_sock.o:
#  Implicit rule search has not been done.
#  Modification time never checked.
#  File has not been updated.

# Not a target:
bld/output/ccmp13-dvk-rel/uart_trdp.o:
#  Implicit rule search has not been done.
#  Modification time never checked.
#  File has not been updated.

# Not a target:
bld/output/ccmp13-dvk-rel/lint/tlp_if.lob:
#  Implicit rule search has not been done.
#  Modification time never checked.
#  File has not been updated.

# Not a target:
build/ccmp13-dvk-bac-rel/tau_ctrl.o:
#  Implicit rule search has not been done.
#  Modification time never checked.
#  File has not been updated.

# Not a target:
bld/output/ccmp13-dvk-rel/tau_xsession.o:
#  Implicit rule search has not been done.
#  Modification time never checked.
#  File has not been updated.

# Not a target:
build/ccmp13-dvk-bac-rel/vos_shared_mem.o:
#  Implicit rule search has not been done.
#  Modification time never checked.
#  File has not been updated.

bld/output/ccmp13-dvk-rel/vostest: bld/output/ccmp13-dvk-rel/libtrdp.a
#  Implicit rule search has not been done.
#  Modification time never checked.
#  File has not been updated.
#  recipe to execute (from 'Makefile', line 568):
			@$(ECHO) ' ### Building VOS test application $(@F)'
			$(CC) test/diverse/LibraryTests.c \
			    -ltrdp \
			    $(LDFLAGS) $(CFLAGS) $(INCLUDES) $(LDLIBS) \
			    -o $@
			@$(STRIP) $@

unconfig:
#  Phony target (prerequisite of .PHONY).
#  Implicit rule search has not been done.
#  File does not exist.
#  File has not been updated.
#  recipe to execute (from 'Makefile', line 673):
	-$(RM) config/config.mk

pdtest: outdir bld/output/ccmp13-dvk-rel/trdp-pd-test bld/output/ccmp13-dvk-rel/pd_responder bld/output/ccmp13-dvk-rel/testSub
#  Phony target (prerequisite of .PHONY).
#  Implicit rule search has not been done.
#  File does not exist.
#  File has not been updated.

# Not a target:
bld/output/ccmp13-dvk-rel/lint/trdp_utils.lob:
#  Implicit rule search has not been done.
#  Modification time never checked.
#  File has not been updated.

# Not a target:
bld/output/ccmp13-dvk-hp-rel/tau_dnr.o:
#  Implicit rule search has not been done.
#  Modification time never checked.
#  File has not been updated.

# Not a target:
main.c:
#  Implicit rule search has not been done.
#  Modification time never checked.
#  File has not been updated.

# Not a target:
bld/output/ccmp13-dvk-hp-rel/tau_xml.o:
#  Implicit rule search has not been done.
#  Modification time never checked.
#  File has not been updated.

bld/output/ccmp13-dvk-rel/trdp-md-reptestcaller: bld/output/ccmp13-dvk-rel/libtrdp.a
#  Implicit rule search has not been done.
#  Modification time never checked.
#  File has not been updated.
#  recipe to execute (from 'Makefile', line 544):
 
			@$(ECHO) ' ### Building MD test Caller application $(@F)'
			$(CC) test/mdpatterns/rep-testcaller.c \
			    -ltrdp \
			    $(LDFLAGS) $(CFLAGS) $(INCLUDES) $(LDLIBS) \
			    -o $@
			@$(STRIP) $@

# Not a target:
bld/output/ccmp13-dvk-rel/lint/tlm_if.lob:
#  Implicit rule search has not been done.
#  Modification time never checked.
#  File has not been updated.

build/ccmp13-dvk-bac-rel/trdp_bin: main.c build/ccmp13-dvk-bac-rel/libtrdp.a
#  Implicit rule search has not been done.
#  Modification time never checked.
#  File has not been updated.
#  recipe to execute (from 'Makefile', line 346):
			@$(ECHO) ' ### Building  UART TO ETH PROJECT $(@F)'
			$(CC) uart_eth_trdp_gw/core/src/main.c \
				$(CFLAGS) $(INCLUDES) -o $@\
				-ltrdp \
				$(LDFLAGS) $(LDLIBS)
			@$(STRIP) $@

# Not a target:
sendTSN.c:
#  Implicit rule search has not been done.
#  Modification time never checked.
#  File has not been updated.

# Not a target:
bld/output/ccmp13-dvk-rel/trdp_mdcom.o:
#  Implicit rule search has not been done.
#  Modification time never checked.
#  File has not been updated.

bld/output/ccmp13-dvk-hp-rel/libtrdp-hp.so: bld/output/ccmp13-dvk-hp-rel/trdp_pdcom.o bld/output/ccmp13-dvk-hp-rel/trdp_utils.o bld/output/ccmp13-dvk-hp-rel/tlp_if.o bld/output/ccmp13-dvk-hp-rel/tlc_if.o bld/output/ccmp13-dvk-hp-rel/trdp_stats.o bld/output/ccmp13-dvk-hp-rel/vos_utils.o bld/output/ccmp13-dvk-hp-rel/vos_mem.o bld/output/ccmp13-dvk-hp-rel/vos_sock.o bld/output/ccmp13-dvk-hp-rel/vos_thread.o bld/output/ccmp13-dvk-hp-rel/vos_shared_mem.o bld/output/ccmp13-dvk-hp-rel/trdp_mdcom.o bld/output/ccmp13-dvk-hp-rel/tlm_if.o bld/output/ccmp13-dvk-hp-rel/trdp_pdindex.o
#  Implicit rule search has not been done.
#  Modification time never checked.
#  File has not been updated.
#  recipe to execute (from 'Makefile', line 330):
			@$(ECHO) ' ### Building the lib $(@F)'
			$(CC) $(CFLAGS) $(LDFLAGS) -Wl,-soname,libtrdp-hp.so.$(SO_VER_MAJ) \
				-shared -o "$@" $^ $(LDLIBS) 

test: outdir bld/output/ccmp13-dvk-rel/getStats bld/output/ccmp13-dvk-rel/vostest bld/output/ccmp13-dvk-rel/MCreceiver bld/output/ccmp13-dvk-rel/test_mdSingle bld/output/ccmp13-dvk-rel/inaugTest bld/output/ccmp13-dvk-rel/localtest bld/output/ccmp13-dvk-rel/pdPull bld/output/ccmp13-dvk-rel/localtest2 bld/output/ccmp13-dvk-rel/localtest3 bld/output/ccmp13-dvk-rel/localtest4 bld/output/ccmp13-dvk-rel/pdMcRouting bld/output/ccmp13-dvk-rel/mdDataLength
#  Phony target (prerequisite of .PHONY).
#  Implicit rule search has not been done.
#  File does not exist.
#  File has not been updated.

# Not a target:
build/ccmp13-dvk-bac-rel/trdp_mdcom.o:
#  Implicit rule search has not been done.
#  Modification time never checked.
#  File has not been updated.

# Not a target:
bld/output/ccmp13-dvk-rel/vos_thread.o:
#  Implicit rule search has not been done.
#  Modification time never checked.
#  File has not been updated.

bld/output/ccmp13-dvk-rel/trdp-md-reptestreplier: bld/output/ccmp13-dvk-rel/libtrdp.a
#  Implicit rule search has not been done.
#  Modification time never checked.
#  File has not been updated.
#  recipe to execute (from 'Makefile', line 552):
			@$(ECHO) ' ### Building MD test Replier application $(@F)'
			$(CC) test/mdpatterns/rep-testreplier.c \
			    -ltrdp \
			    $(LDFLAGS) $(CFLAGS) $(INCLUDES) $(LDLIBS) \
			    -o $@
			@$(STRIP) $@

# Not a target:
bld/output/ccmp13-dvk-hp-rel/trdp_xml.o:
#  Implicit rule search has not been done.
#  Modification time never checked.
#  File has not been updated.

# Not a target:
trdp-xmlpd-test.c:
#  Implicit rule search has not been done.
#  Modification time never checked.
#  File has not been updated.

# Not a target:
bld/output/ccmp13-dvk-rel/tau_cstinfo.o:
#  Implicit rule search has not been done.
#  Modification time never checked.
#  File has not been updated.

build/ccmp13-dvk-bac-rel/libtrdpap.a: build/ccmp13-dvk-bac-rel/ethernet_trdp.o build/ccmp13-dvk-bac-rel/uart_trdp.o build/ccmp13-dvk-bac-rel/uart_eth_gw.o build/ccmp13-dvk-bac-rel/trdp_pdcom.o build/ccmp13-dvk-bac-rel/trdp_utils.o build/ccmp13-dvk-bac-rel/tlp_if.o build/ccmp13-dvk-bac-rel/tlc_if.o build/ccmp13-dvk-bac-rel/trdp_stats.o build/ccmp13-dvk-bac-rel/vos_utils.o build/ccmp13-dvk-bac-rel/vos_mem.o build/ccmp13-dvk-bac-rel/vos_sock.o build/ccmp13-dvk-bac-rel/vos_thread.o build/ccmp13-dvk-bac-rel/vos_shared_mem.o build/ccmp13-dvk-bac-rel/trdp_mdcom.o build/ccmp13-dvk-bac-rel/tlm_if.o build/ccmp13-dvk-bac-rel/trdp_xml.o build/ccmp13-dvk-bac-rel/tau_xml.o build/ccmp13-dvk-bac-rel/tau_marshall.o build/ccmp13-dvk-bac-rel/tau_dnr.o build/ccmp13-dvk-bac-rel/tau_tti.o build/ccmp13-dvk-bac-rel/tau_cstinfo.o build/ccmp13-dvk-bac-rel/tau_ctrl.o build/ccmp13-dvk-bac-rel/tau_xsession.o build/ccmp13-dvk-bac-rel/tau_xmarshall.o
#  Implicit rule search has not been done.
#  Modification time never checked.
#  File has not been updated.
#  recipe to execute (from 'Makefile', line 283):
			@$(ECHO) ' ### Building the lib  pap in bac folder  $(@F)'
			@$(RM) $@
			$(AR) cq $@ $^

# Not a target:
bld/output/ccmp13-dvk-hp-rel/trdp_utils.o:
#  Implicit rule search has not been done.
#  Modification time never checked.
#  File has not been updated.

# Not a target:
build/ccmp13-dvk-bac-rel/vos_thread.o:
#  Implicit rule search has not been done.
#  Modification time never checked.
#  File has not been updated.

bld/output/ccmp13-dvk-rel/mdManager: mdManager.c bld/output/ccmp13-dvk-rel/libtrdp.a
#  Implicit rule search has not been done.
#  Modification time never checked.
#  File has not been updated.
#  recipe to execute (from 'Makefile', line 449):
			@$(ECHO) ' ### Building example MD application $(@F)'
			$(CC) example/mdManager.c \
			    -ltrdp \
			    -luuid \
			    $(LDFLAGS) $(CFLAGS) $(INCLUDES) \
			    $(LDLIBS) \
			    -o $@
			@$(STRIP) $@

# Not a target:
Doxyfile:
#  Implicit rule search has not been done.
#  Modification time never checked.
#  File has not been updated.

# Not a target:
bld/output/ccmp13-dvk-rel/tlp_if.o:
#  Implicit rule search has not been done.
#  Modification time never checked.
#  File has not been updated.

# Not a target:
uart_eth_trdp_gw/uart_trdp/uart_trdp.h:
#  Implicit rule search has been done.
#  Last modified 2025-09-24 17:35:00.349608994
#  File has been updated.
#  Successfully updated.

bld/output/ccmp13-dvk-rel/localtest: localtest/api_test.c bld/output/ccmp13-dvk-rel/libtrdpap.a
#  Implicit rule search has not been done.
#  Modification time never checked.
#  File has not been updated.
#  recipe to execute (from 'Makefile', line 600):
			@$(ECHO) ' ### Building local loop test tool $(@F)'
			$(CC) $^  \
				$(CFLAGS)  -Wno-unused-variable $(INCLUDES) -o $@\
				-ltrdpap \
				$(LDFLAGS) $(LDLIBS)
			@$(STRIP) $@

# Not a target:
localtest/api_test.c:
#  Implicit rule search has not been done.
#  Modification time never checked.
#  File has not been updated.

bld/output/ccmp13-dvk-rel/trdp-xmlprint-test: trdp-xmlprint-test.c bld/output/ccmp13-dvk-rel/libtrdpap.a
#  Implicit rule search has not been done.
#  Modification time never checked.
#  File has not been updated.
#  recipe to execute (from 'Makefile', line 464):
			@$(ECHO) ' ### Building application $(@F)'
			$(CC) $^ \
			$(CFLAGS) $(INCLUDES) -o $@ \
			-ltrdpap \
			$(LDFLAGS) $(LDLIBS)
			@$(STRIP) $@

# Not a target:
config/config.mk:
#  Implicit rule search has been done.
#  Last modified 2025-09-18 11:47:30.066795721
#  File has been updated.
#  Successfully updated.

# Not a target:
pdPull.c:
#  Implicit rule search has not been done.
#  Modification time never checked.
#  File has not been updated.

 
bld/output/ccmp13-dvk-rel/trdp-md-test: bld/output/ccmp13-dvk-rel/libtrdp.a
#  Implicit rule search has not been done.
#  Modification time never checked.
#  File has not been updated.
#  recipe to execute (from 'Makefile', line 528):
			@$(ECHO) ' ### Building MD test application $(@F)'
			$(CC) test/mdpatterns/trdp-md-test.c \
			    -ltrdp \
			    $(LDFLAGS) $(CFLAGS) $(INCLUDES) $(LDLIBS) \
			    -o $@
			@$(STRIP) $@

bld/output/ccmp13-dvk-rel/libtrdp.so: bld/output/ccmp13-dvk-rel/trdp_pdcom.o bld/output/ccmp13-dvk-rel/trdp_utils.o bld/output/ccmp13-dvk-rel/tlp_if.o bld/output/ccmp13-dvk-rel/tlc_if.o bld/output/ccmp13-dvk-rel/trdp_stats.o bld/output/ccmp13-dvk-rel/vos_utils.o bld/output/ccmp13-dvk-rel/vos_mem.o bld/output/ccmp13-dvk-rel/vos_sock.o bld/output/ccmp13-dvk-rel/vos_thread.o bld/output/ccmp13-dvk-rel/vos_shared_mem.o bld/output/ccmp13-dvk-rel/trdp_mdcom.o bld/output/ccmp13-dvk-rel/tlm_if.o
#  Implicit rule search has not been done.
#  Modification time never checked.
#  File has not been updated.
#  recipe to execute (from 'Makefile', line 320):
			@$(ECHO) ' ### Building the lib $(@F)'
			$(CC) $(CFLAGS) $(LDFLAGS) -Wl,-soname,libtrdp.so.$(SO_VER_MAJ) \
				-shared -o "$@" $^ $(LDLIBS) 

# Not a target:
uart_eth_trdp_gw/uart_eth_gw/uart_eth_gw.h:
#  Implicit rule search has been done.
#  Last modified 2025-09-18 11:29:32.628107435
#  File has been updated.
#  Successfully updated.

uart_eth_trdp_gw: build/ccmp13-dvk-bac-rel/trdp_bin
#  Phony target (prerequisite of .PHONY).
#  Implicit rule search has not been done.
#  File does not exist.
#  File has not been updated.

# Not a target:
bld/output/ccmp13-dvk-rel/tlc_if.o:
#  Implicit rule search has not been done.
#  Modification time never checked.
#  File has not been updated.

bld/output/ccmp13-dvk-rel/libtau.so: bld/output/ccmp13-dvk-rel/trdp_xml.o bld/output/ccmp13-dvk-rel/tau_xml.o bld/output/ccmp13-dvk-rel/tau_marshall.o bld/output/ccmp13-dvk-rel/tau_dnr.o bld/output/ccmp13-dvk-rel/tau_tti.o bld/output/ccmp13-dvk-rel/tau_cstinfo.o bld/output/ccmp13-dvk-rel/tau_ctrl.o bld/output/ccmp13-dvk-rel/tau_xsession.o bld/output/ccmp13-dvk-rel/tau_xmarshall.o bld/output/ccmp13-dvk-rel/libtrdp.so
#  Implicit rule search has not been done.
#  Modification time never checked.
#  File has not been updated.
#  recipe to execute (from 'Makefile', line 325):
			@$(ECHO) ' ### Building the lib $(@F)'
			$(CC) $(CFLAGS) $(LDFLAGS) -Wl,-soname,libtau.so.$(SO_VER_MAJ) \
				-shared -o "$@" $^ $(LDLIBS) -ltrdp

# Not a target:
localtest/api_test_4.c:
#  Implicit rule search has not been done.
#  Modification time never checked.
#  File has not been updated.

# Not a target:
bld/output/ccmp13-dvk-hp-rel/trdp_mdcom.o:
#  Implicit rule search has not been done.
#  Modification time never checked.
#  File has not been updated.

bld/output/ccmp13-dvk-rel/trdp-xmlpd-test-fast: trdp-xmlpd-test-fast.c bld/output/ccmp13-dvk-rel/libtrdpap.a
#  Implicit rule search has not been done.
#  Modification time never checked.
#  File has not been updated.
#  recipe to execute (from 'Makefile', line 480):
			@$(ECHO) ' ### Building application $(@F)'
			$(CC) $^  \
			$(CFLAGS) $(INCLUDES) -o $@\
			-ltrdpap \
			$(LDFLAGS) $(LDLIBS)
			@$(STRIP) $@

# Not a target:
trdp-xmlpd-test-fast.c:
#  Implicit rule search has not been done.
#  Modification time never checked.
#  File has not been updated.

xml: outdir bld/output/ccmp13-dvk-rel/trdp-xmlprint-test bld/output/ccmp13-dvk-rel/trdp-xmlpd-test
#  Phony target (prerequisite of .PHONY).
#  Implicit rule search has not been done.
#  File does not exist.
#  File has not been updated.

bld/output/ccmp13-dvk-rel/localtest2: localtest/api_test_2.c bld/output/ccmp13-dvk-rel/libtrdpap.a
#  Implicit rule search has not been done.
#  Modification time never checked.
#  File has not been updated.
#  recipe to execute (from 'Makefile', line 608):
			@$(ECHO) ' ### Building local loop test tool $(@F)'
			$(CC) $^  \
				$(CFLAGS)  -Wno-unused-variable $(INCLUDES) -o $@\
				-ltrdpap \
				$(LDFLAGS) $(LDLIBS)
			@$(STRIP) $@

# Not a target:
src/api/trdp_if_light.h:
#  Implicit rule search has been done.
#  Last modified 2025-08-08 11:08:29.434276
#  File has been updated.
#  Successfully updated.

# Not a target:
build/ccmp13-dvk-bac-rel/tau_dnr.o:
#  Implicit rule search has not been done.
#  Modification time never checked.
#  File has not been updated.

example: bld/output/ccmp13-dvk-rel/echoCallback bld/output/ccmp13-dvk-rel/receivePolling bld/output/ccmp13-dvk-rel/sendHello bld/output/ccmp13-dvk-rel/receiveHello bld/output/ccmp13-dvk-rel/sendData bld/output/ccmp13-dvk-rel/sourceFiltering
#  Phony target (prerequisite of .PHONY).
#  Implicit rule search has not been done.
#  File does not exist.
#  File has not been updated.

# Not a target:
bld/output/ccmp13-dvk-rel/libtrdp.so.2.2:
#  Implicit rule search has not been done.
#  Modification time never checked.
#  File has not been updated.

# Not a target:
bld/output/ccmp13-dvk-hp-rel/tau_xmarshall.o:
#  Implicit rule search has not been done.
#  Modification time never checked.
#  File has not been updated.

mdtest: outdir bld/output/ccmp13-dvk-rel/trdp-md-test bld/output/ccmp13-dvk-rel/trdp-md-test-fast bld/output/ccmp13-dvk-rel/trdp-md-reptestcaller bld/output/ccmp13-dvk-rel/trdp-md-reptestreplier
#  Phony target (prerequisite of .PHONY).
#  Implicit rule search has not been done.
#  File does not exist.
#  File has not been updated.

# Not a target:
bld/output/ccmp13-dvk-rel/tau_dnr.o:
#  Implicit rule search has not been done.
#  Modification time never checked.
#  File has not been updated.

# Not a target:
receiveTSN.c:
#  Implicit rule search has not been done.
#  Modification time never checked.
#  File has not been updated.

highperf: outdir bld/output/ccmp13-dvk-rel/trdp-xmlpd-test-fast bld/output/ccmp13-dvk-rel/localtest2 bld/output/ccmp13-dvk-rel/trdp-pd-test-fast
#  Phony target (prerequisite of .PHONY).
#  Implicit rule search has not been done.
#  File does not exist.
#  File has not been updated.

# Not a target:
bld/output/ccmp13-dvk-hp-rel/vos_thread.o:
#  Implicit rule search has not been done.
#  Modification time never checked.
#  File has not been updated.

# Not a target:
bld/output/ccmp13-dvk-hp-rel/tlm_if.o:
#  Implicit rule search has not been done.
#  Modification time never checked.
#  File has not been updated.

# Not a target:
bld/output/ccmp13-dvk-hp-rel/vos_utils.o:
#  Implicit rule search has not been done.
#  Modification time never checked.
#  File has not been updated.

# Not a target:
test_mdSingle.c:
#  Implicit rule search has not been done.
#  Modification time never checked.
#  File has not been updated.

# Not a target:
bld/output/ccmp13-dvk-hp-rel/tau_tti.o:
#  Implicit rule search has not been done.
#  Modification time never checked.
#  File has not been updated.

.PHONY: all libtrdp libtrdpap example tsn test pdtest mdtest vtests uart_eth_trdp_gw xml highperf marshall clean unconfig distclean lint doc help shared dist bindeb-pkg deb-pkg
#  Implicit rule search has not been done.
 
#  Modification time never checked.
#  File has not been updated.

# Not a target:
echoTrackside.c:
#  Implicit rule search has not been done.
#  Modification time never checked.
#  File has not been updated.

# Not a target:
bld/output/ccmp13-dvk-hp-rel/trdp_pdindex.o:
#  Implicit rule search has not been done.
#  Modification time never checked.
#  File has not been updated.

# Not a target:
build/ccmp13-dvk-bac-rel/trdp_xml.o:
#  Implicit rule search has not been done.
#  Modification time never checked.
#  File has not been updated.

bld/output/ccmp13-dvk-rel/receiveHello: receiveHello.c bld/output/ccmp13-dvk-rel/libtrdp.a
#  Implicit rule search has not been done.
#  Modification time never checked.
#  File has not been updated.
#  recipe to execute (from 'Makefile', line 390):
			@$(ECHO) ' ### Building application $(@F)'
			$(CC) example/receiveHello.c \
			    -ltrdp \
			    $(LDFLAGS) $(CFLAGS) $(INCLUDES) \
			    $(LDLIBS) \
			    -o $@
			@$(STRIP) $@

# Not a target:
bld/output/ccmp13-dvk-hp-rel/libtau-hp.so.2.2:
#  Implicit rule search has not been done.
#  Modification time never checked.
#  File has not been updated.

# Not a target:
bld/output/ccmp13-dvk-hp-rel/tlc_if.o:
#  Implicit rule search has not been done.
#  Modification time never checked.
#  File has not been updated.

# Not a target:
build/ccmp13-dvk-bac-rel/trdp_pdcom.o:
#  Implicit rule search has not been done.
#  Modification time never checked.
#  File has not been updated.

# Not a target:
bld/output/ccmp13-dvk-hp-rel/tau_marshall.o:
#  Implicit rule search has not been done.
#  Modification time never checked.
#  File has not been updated.

marshall: bld/output/ccmp13-dvk-rel/test_marshalling
#  Phony target (prerequisite of .PHONY).
#  Implicit rule search has not been done.
#  File does not exist.
#  File has not been updated.

shared: bld/output/ccmp13-dvk-rel/libtrdp.so.2.2 bld/output/ccmp13-dvk-hp-rel/libtrdp-hp.so.2.2 bld/output/ccmp13-dvk-rel/libtau.so.2.2 bld/output/ccmp13-dvk-hp-rel/libtau-hp.so.2.2
#  Phony target (prerequisite of .PHONY).
#  Implicit rule search has not been done.
#  File does not exist.
#  File has not been updated.

# Not a target:
build/ccmp13-dvk-bac-rel/tlm_if.o:
#  Implicit rule search has not been done.
#  Modification time never checked.
#  File has not been updated.

# Not a target:
build/ccmp13-dvk-bac-rel/trdp_stats.o:
#  Implicit rule search has not been done.
#  Modification time never checked.
#  File has not been updated.

bld/output/ccmp13-dvk-rel/sendHello: sendHello.c bld/output/ccmp13-dvk-rel/libtrdp.a
#  Implicit rule search has not been done.
#  Modification time never checked.
#  File has not been updated.
#  recipe to execute (from 'Makefile', line 399):
			@$(ECHO) ' ### Building application $(@F)'
			$(CC) example/sendHello.c \
			    -ltrdp \
			    $(LDFLAGS) $(CFLAGS) $(INCLUDES) \
			    $(LDLIBS) \
			    -o $@
			@$(STRIP) $@

# Not a target:
bld/output/ccmp13-dvk-hp-rel/tlp_if.o:
#  Implicit rule search has not been done.
#  Modification time never checked.
#  File has not been updated.

# Not a target:
build/ccmp13-dvk-bac-rel/tau_xsession.o:
#  Implicit rule search has not been done.
#  Modification time never checked.
#  File has not been updated.

# Not a target:
sendHello.c:
#  Implicit rule search has not been done.
#  Modification time never checked.
#  File has not been updated.

bld/output/ccmp13-dvk-rel/libtrdp.a: bld/output/ccmp13-dvk-rel/ethernet_trdp.o bld/output/ccmp13-dvk-rel/uart_trdp.o bld/output/ccmp13-dvk-rel/uart_eth_gw.o bld/output/ccmp13-dvk-rel/trdp_pdcom.o bld/output/ccmp13-dvk-rel/trdp_utils.o bld/output/ccmp13-dvk-rel/tlp_if.o bld/output/ccmp13-dvk-rel/tlc_if.o bld/output/ccmp13-dvk-rel/trdp_stats.o bld/output/ccmp13-dvk-rel/vos_utils.o bld/output/ccmp13-dvk-rel/vos_mem.o bld/output/ccmp13-dvk-rel/vos_sock.o bld/output/ccmp13-dvk-rel/vos_thread.o bld/output/ccmp13-dvk-rel/vos_shared_mem.o bld/output/ccmp13-dvk-rel/trdp_mdcom.o bld/output/ccmp13-dvk-rel/tlm_if.o
#  Implicit rule search has not been done.
#  Modification time never checked.
#  File has not been updated.
#  recipe to execute (from 'Makefile', line 260):
			@$(ECHO) ' ### Building the lib debug $(@F)'
			@$(RM) $@
			$(AR) cq $@ $^

# Not a target:
bld/output/ccmp13-dvk-hp-rel/vos_sock.o:
#  Implicit rule search has not been done.
#  Modification time never checked.
#  File has not been updated.

# files hash-table stats:
# Load=205/1024=20%, Rehash=0, Collisions=102/697=15%
# VPATH Search Paths

vpath %.c src/common:src/vos/common:test/udpmdcom:src/vos/posix:test:example:example/TSN:test/diverse:test/xml:uart_eth_trdp_gw/core/src:uart_eth_trdp_gw/ethernet_trdp:uart_eth_trdp_gw/uart_trdp:uart_eth_trdp_gw/uart_eth_gw
vpath %.h src/api:src/vos/api:src/common:src/vos/common:uart_eth_trdp_gw/core/inc:uart_eth_trdp_gw/ethernet_trdp:uart_eth_trdp_gw/uart_trdp:uart_eth_trdp_gw/uart_eth_gw

# 2 'vpath' search paths.

# No general ('VPATH' variable) search path.

# strcache buffers: 2 (1) / strings = 359 / storage = 8446 B / avg = 23 B
# current buf: size = 8162 B / used = 297 B / count = 10 / avg = 29 B
# other used: total = 8149 B / count = 349 / avg = 23 B
# other free: total = 13 B / max = 13 B / min = 13 B / avg = 13 B

# strcache performance: lookups = 758 / hit rate = 52%
# hash-table stats:
# Load=359/8192=4%, Rehash=0, Collisions=12/758=2%
# Finished Make data base on Thu Sep 25 10:54:59 2025

 
